<?xml version="1.0" encoding="UTF-8"?>
<!-- Generated by org.testng.reporters.JUnitReportReporter -->
<testsuite hostname="SA-PC" failures="0" tests="3" name="DataProvider.TestngPrg3" time="15.235" errors="0" timestamp="2025-08-14T15:44:21 IST" skipped="0">
  <testcase classname="DataProvider.TestngPrg3" name="loginTest" time="3.839"/>
  <testcase classname="DataProvider.TestngPrg3" name="loginTest" time="7.449"/>
  <testcase classname="DataProvider.TestngPrg3" name="loginTest" time="3.947"/>
</testsuite> <!-- DataProvider.TestngPrg3 -->
