<?xml version="1.0" encoding="UTF-8"?>
<!-- Generated by org.testng.reporters.JUnitReportReporter -->
<testsuite hostname="SA-PC" failures="0" tests="1" name="parametrs.TestngPrg2" time="0.415" errors="0" timestamp="2025-08-14T15:10:38 IST" skipped="0">
  <testcase classname="parametrs.TestngPrg2" name="LoginFunction" time="0.415"/>
</testsuite> <!-- parametrs.TestngPrg2 -->
