<?xml version="1.0" encoding="UTF-8"?>
<!-- Generated by org.testng.reporters.JUnitReportReporter -->
<testsuite hostname="SA-PC" failures="0" tests="2" name="CrossBrowser.CrossBrowsers" time="25.761" errors="0" timestamp="2025-08-14T17:22:30 IST" skipped="0">
  <testcase classname="CrossBrowser.CrossBrowsers" name="loginFacebook" time="17.119"/>
  <testcase classname="CrossBrowser.CrossBrowsers" name="loginFacebook" time="8.642"/>
</testsuite> <!-- CrossBrowser.CrossBrowsers -->
