<?xml version="1.0" encoding="UTF-8"?>
<!-- Generated by org.testng.reporters.JUnitReportReporter -->
<testsuite hostname="SA-PC" failures="0" tests="2" name="CrossBrowser.CrossBrowser2" time="10.189" errors="0" timestamp="2025-08-14T17:48:27 IST" skipped="0">
  <testcase classname="CrossBrowser.CrossBrowser2" name="loginTest" time="3.414"/>
  <testcase classname="CrossBrowser.CrossBrowser2" name="loginTest" time="6.775"/>
</testsuite> <!-- CrossBrowser.CrossBrowser2 -->
