<?xml version="1.0" encoding="UTF-8"?>
<!-- Generated by org.testng.reporters.JUnitReportReporter -->
<testsuite hostname="SA-PC" failures="0" tests="4" name="BasicsTestng.TestngPrg1" time="0.039" errors="0" timestamp="2025-08-14T13:28:50 IST" skipped="0">
  <testcase classname="BasicsTestng.TestngPrg1" name="test3" time="0.007"/>
  <testcase classname="BasicsTestng.TestngPrg1" name="test1" time="0.006"/>
  <testcase classname="BasicsTestng.TestngPrg1" name="test4" time="0.008"/>
  <testcase classname="BasicsTestng.TestngPrg1" name="test2" time="0.018"/>
</testsuite> <!-- BasicsTestng.TestngPrg1 -->
